2025-05-09 02:13:04,881 ERROR 61577 nodejs.ClusterClientNoResponseError: client no response in 7214693ms exceeding maxIdleTime 60000ms, maybe the connection is close on other side.
    at Timeout._onTimeout (/Users/zuohuaihan/Desktop/归档/my-egg-project/node_modules/cluster-client/lib/leader.js:79:25)
    at listOnTimeout (node:internal/timers:569:17)
    at process.processTimers (node:internal/timers:512:7)
name: "ClusterClientNoResponseError"
pid: 61577
hostname: zuohuaihandeMacBook-Pro.local

2025-05-09 04:13:19,320 ERROR 61577 nodejs.ClusterClientNoResponseError: client no response in 7214076ms exceeding maxIdleTime 60000ms, maybe the connection is close on other side.
    at Timeout._onTimeout (/Users/zuohuaihan/Desktop/归档/my-egg-project/node_modules/cluster-client/lib/leader.js:79:25)
    at listOnTimeout (node:internal/timers:569:17)
    at process.processTimers (node:internal/timers:512:7)
name: "ClusterClientNoResponseError"
pid: 61577
hostname: zuohuaihandeMacBook-Pro.local

2025-05-09 06:13:33,692 ERROR 61577 nodejs.ClusterClientNoResponseError: client no response in 7212788ms exceeding maxIdleTime 60000ms, maybe the connection is close on other side.
    at Timeout._onTimeout (/Users/zuohuaihan/Desktop/归档/my-egg-project/node_modules/cluster-client/lib/leader.js:79:25)
    at listOnTimeout (node:internal/timers:569:17)
    at process.processTimers (node:internal/timers:512:7)
name: "ClusterClientNoResponseError"
pid: 61577
hostname: zuohuaihandeMacBook-Pro.local

2025-05-09 07:30:20,653 ERROR 61577 nodejs.ClusterClientNoResponseError: client no response in 4606747ms exceeding maxIdleTime 60000ms, maybe the connection is close on other side.
    at Timeout._onTimeout (/Users/zuohuaihan/Desktop/归档/my-egg-project/node_modules/cluster-client/lib/leader.js:79:25)
    at listOnTimeout (node:internal/timers:569:17)
    at process.processTimers (node:internal/timers:512:7)
name: "ClusterClientNoResponseError"
pid: 61577
hostname: zuohuaihandeMacBook-Pro.local

2025-05-09 08:25:57,568 ERROR 61577 nodejs.ClusterClientNoResponseError: client no response in 3336640ms exceeding maxIdleTime 60000ms, maybe the connection is close on other side.
    at Timeout._onTimeout (/Users/zuohuaihan/Desktop/归档/my-egg-project/node_modules/cluster-client/lib/leader.js:79:25)
    at listOnTimeout (node:internal/timers:569:17)
    at process.processTimers (node:internal/timers:512:7)
name: "ClusterClientNoResponseError"
pid: 61577
hostname: zuohuaihandeMacBook-Pro.local

2025-05-09 09:31:27,315 ERROR 61577 nodejs.ClusterClientNoResponseError: client no response in 3929426ms exceeding maxIdleTime 60000ms, maybe the connection is close on other side.
    at Timeout._onTimeout (/Users/zuohuaihan/Desktop/归档/my-egg-project/node_modules/cluster-client/lib/leader.js:79:25)
    at listOnTimeout (node:internal/timers:569:17)
    at process.processTimers (node:internal/timers:512:7)
name: "ClusterClientNoResponseError"
pid: 61577
hostname: zuohuaihandeMacBook-Pro.local

2025-05-09 09:39:42,348 ERROR 61577 nodejs.ClusterClientNoResponseError: client no response in 494513ms exceeding maxIdleTime 60000ms, maybe the connection is close on other side.
    at Timeout._onTimeout (/Users/zuohuaihan/Desktop/归档/my-egg-project/node_modules/cluster-client/lib/leader.js:79:25)
    at listOnTimeout (node:internal/timers:569:17)
    at process.processTimers (node:internal/timers:512:7)
name: "ClusterClientNoResponseError"
pid: 61577
hostname: zuohuaihandeMacBook-Pro.local

2025-05-09 10:32:33,384 ERROR 61577 nodejs.ClusterClientNoResponseError: client no response in 3150480ms exceeding maxIdleTime 60000ms, maybe the connection is close on other side.
    at Timeout._onTimeout (/Users/zuohuaihan/Desktop/归档/my-egg-project/node_modules/cluster-client/lib/leader.js:79:25)
    at listOnTimeout (node:internal/timers:569:17)
    at process.processTimers (node:internal/timers:512:7)
name: "ClusterClientNoResponseError"
pid: 61577
hostname: zuohuaihandeMacBook-Pro.local

2025-05-09 11:33:40,029 ERROR 61577 nodejs.ClusterClientNoResponseError: client no response in 3646282ms exceeding maxIdleTime 60000ms, maybe the connection is close on other side.
    at Timeout._onTimeout (/Users/zuohuaihan/Desktop/归档/my-egg-project/node_modules/cluster-client/lib/leader.js:79:25)
    at listOnTimeout (node:internal/timers:569:17)
    at process.processTimers (node:internal/timers:512:7)
name: "ClusterClientNoResponseError"
pid: 61577
hostname: zuohuaihandeMacBook-Pro.local

2025-05-09 12:34:48,596 ERROR 61577 nodejs.ClusterClientNoResponseError: client no response in 3648440ms exceeding maxIdleTime 60000ms, maybe the connection is close on other side.
    at Timeout._onTimeout (/Users/zuohuaihan/Desktop/归档/my-egg-project/node_modules/cluster-client/lib/leader.js:79:25)
    at listOnTimeout (node:internal/timers:569:17)
    at process.processTimers (node:internal/timers:512:7)
name: "ClusterClientNoResponseError"
pid: 61577
hostname: zuohuaihandeMacBook-Pro.local

2025-05-09 13:35:56,246 ERROR 61577 nodejs.ClusterClientNoResponseError: client no response in 3647261ms exceeding maxIdleTime 60000ms, maybe the connection is close on other side.
    at Timeout._onTimeout (/Users/zuohuaihan/Desktop/归档/my-egg-project/node_modules/cluster-client/lib/leader.js:79:25)
    at listOnTimeout (node:internal/timers:569:17)
    at process.processTimers (node:internal/timers:512:7)
name: "ClusterClientNoResponseError"
pid: 61577
hostname: zuohuaihandeMacBook-Pro.local

2025-05-09 14:33:49,493 ERROR 61577 nodejs.ClusterClientNoResponseError: client no response in 3452984ms exceeding maxIdleTime 60000ms, maybe the connection is close on other side.
    at Timeout._onTimeout (/Users/zuohuaihan/Desktop/归档/my-egg-project/node_modules/cluster-client/lib/leader.js:79:25)
    at listOnTimeout (node:internal/timers:569:17)
    at process.processTimers (node:internal/timers:512:7)
name: "ClusterClientNoResponseError"
pid: 61577
hostname: zuohuaihandeMacBook-Pro.local

2025-05-09 14:36:59,709 ERROR 61577 nodejs.ClusterClientNoResponseError: client no response in 190167ms exceeding maxIdleTime 60000ms, maybe the connection is close on other side.
    at Timeout._onTimeout (/Users/zuohuaihan/Desktop/归档/my-egg-project/node_modules/cluster-client/lib/leader.js:79:25)
    at listOnTimeout (node:internal/timers:569:17)
    at process.processTimers (node:internal/timers:512:7)
name: "ClusterClientNoResponseError"
pid: 61577
hostname: zuohuaihandeMacBook-Pro.local

2025-05-09 14:41:09,063 ERROR 61577 nodejs.ClusterClientNoResponseError: client no response in 228998ms exceeding maxIdleTime 60000ms, maybe the connection is close on other side.
    at Timeout._onTimeout (/Users/zuohuaihan/Desktop/归档/my-egg-project/node_modules/cluster-client/lib/leader.js:79:25)
    at listOnTimeout (node:internal/timers:569:17)
    at process.processTimers (node:internal/timers:512:7)
name: "ClusterClientNoResponseError"
pid: 61577
hostname: zuohuaihandeMacBook-Pro.local

